<?xml version="1.0" encoding="UTF-8"?>
<!-- Generated by org.testng.reporters.JUnitReportReporter -->
<testsuite hostname="DESKTOP-VTTO2Q6" failures="0" tests="1" name="com.saucedemo.test.LoginTest" time="2.667" errors="0" timestamp="2025-06-09T15:01:18 IST" skipped="0">
  <testcase classname="com.saucedemo.test.LoginTest" name="loginToSauceDemo" time="2.667"/>
</testsuite> <!-- com.saucedemo.test.LoginTest -->
